[2024-01-26 00:53:32Z INFO HostContext] No proxy settings were found based on environmental variables (http_proxy/https_proxy/HTTP_PROXY/HTTPS_PROXY)
[2024-01-26 00:53:32Z INFO HostContext] Well known directory 'Bin': '/Users/mehrdadfaghih-ordobadi/Documents/Projects/Sprint2/Github-Actions/first_gh_actions/actions-runner/bin'
[2024-01-26 00:53:32Z INFO HostContext] Well known directory 'Root': '/Users/mehrdadfaghih-ordobadi/Documents/Projects/Sprint2/Github-Actions/first_gh_actions/actions-runner'
[2024-01-26 00:53:32Z INFO HostContext] Well known config file 'Credentials': '/Users/mehrdadfaghih-ordobadi/Documents/Projects/Sprint2/Github-Actions/first_gh_actions/actions-runner/.credentials'
[2024-01-26 00:53:32Z INFO HostContext] Well known directory 'Bin': '/Users/mehrdadfaghih-ordobadi/Documents/Projects/Sprint2/Github-Actions/first_gh_actions/actions-runner/bin'
[2024-01-26 00:53:32Z INFO HostContext] Well known directory 'Root': '/Users/mehrdadfaghih-ordobadi/Documents/Projects/Sprint2/Github-Actions/first_gh_actions/actions-runner'
[2024-01-26 00:53:32Z INFO HostContext] Well known config file 'Runner': '/Users/mehrdadfaghih-ordobadi/Documents/Projects/Sprint2/Github-Actions/first_gh_actions/actions-runner/.runner'
[2024-01-26 00:53:32Z INFO Listener] Runner is built for OSX (Arm64) - osx-arm64.
[2024-01-26 00:53:32Z INFO Listener] RuntimeInformation: Darwin 22.6.0 Darwin Kernel Version 22.6.0: Wed Jul  5 22:22:05 PDT 2023; root:xnu-8796.141.3~6/RELEASE_ARM64_T6000.
[2024-01-26 00:53:32Z INFO Listener] Version: 2.312.0
[2024-01-26 00:53:32Z INFO Listener] Commit: 1615de2f78ce16935be95ace79d35ed22b0837be
[2024-01-26 00:53:32Z INFO Listener] Culture: en-US
[2024-01-26 00:53:32Z INFO Listener] UI Culture: en-US
[2024-01-26 00:53:32Z INFO HostContext] Well known directory 'Bin': '/Users/mehrdadfaghih-ordobadi/Documents/Projects/Sprint2/Github-Actions/first_gh_actions/actions-runner/bin'
[2024-01-26 00:53:32Z INFO HostContext] Well known directory 'Root': '/Users/mehrdadfaghih-ordobadi/Documents/Projects/Sprint2/Github-Actions/first_gh_actions/actions-runner'
[2024-01-26 00:53:32Z INFO Listener] Validating directory permissions for: '/Users/mehrdadfaghih-ordobadi/Documents/Projects/Sprint2/Github-Actions/first_gh_actions/actions-runner'
[2024-01-26 00:53:32Z INFO CommandLineParser] Parse
[2024-01-26 00:53:32Z INFO CommandLineParser] Parsing 5 args
[2024-01-26 00:53:32Z INFO CommandLineParser] parsing argument
[2024-01-26 00:53:32Z INFO CommandLineParser] HasArgs: False
[2024-01-26 00:53:32Z INFO CommandLineParser] Adding Command: configure
[2024-01-26 00:53:32Z INFO CommandLineParser] parsing argument
[2024-01-26 00:53:32Z INFO CommandLineParser] HasArgs: True
[2024-01-26 00:53:32Z INFO CommandLineParser] arg: url
[2024-01-26 00:53:32Z INFO CommandLineParser] parsing argument
[2024-01-26 00:53:32Z INFO CommandLineParser] HasArgs: True
[2024-01-26 00:53:32Z INFO CommandLineParser] Adding option 'url': 'https://github.com/mehrdad-ordobadi/first_gh_actions'
[2024-01-26 00:53:32Z INFO CommandLineParser] parsing argument
[2024-01-26 00:53:32Z INFO CommandLineParser] HasArgs: True
[2024-01-26 00:53:32Z INFO CommandLineParser] arg: token
[2024-01-26 00:53:32Z INFO CommandLineParser] parsing argument
[2024-01-26 00:53:32Z INFO CommandLineParser] HasArgs: True
[2024-01-26 00:53:32Z INFO CommandLineParser] Adding option 'token': '***'
[2024-01-26 00:53:32Z INFO Listener] Arguments parsed
[2024-01-26 00:53:32Z INFO Runner] ExecuteCommand
[2024-01-26 00:53:32Z INFO ConfigurationStore] currentAssemblyLocation: /Users/mehrdadfaghih-ordobadi/Documents/Projects/Sprint2/Github-Actions/first_gh_actions/actions-runner/bin/Runner.Listener.dll
[2024-01-26 00:53:32Z INFO HostContext] Well known directory 'Bin': '/Users/mehrdadfaghih-ordobadi/Documents/Projects/Sprint2/Github-Actions/first_gh_actions/actions-runner/bin'
[2024-01-26 00:53:32Z INFO ConfigurationStore] binPath: /Users/mehrdadfaghih-ordobadi/Documents/Projects/Sprint2/Github-Actions/first_gh_actions/actions-runner/bin
[2024-01-26 00:53:32Z INFO HostContext] Well known directory 'Bin': '/Users/mehrdadfaghih-ordobadi/Documents/Projects/Sprint2/Github-Actions/first_gh_actions/actions-runner/bin'
[2024-01-26 00:53:32Z INFO HostContext] Well known directory 'Root': '/Users/mehrdadfaghih-ordobadi/Documents/Projects/Sprint2/Github-Actions/first_gh_actions/actions-runner'
[2024-01-26 00:53:32Z INFO ConfigurationStore] RootFolder: /Users/mehrdadfaghih-ordobadi/Documents/Projects/Sprint2/Github-Actions/first_gh_actions/actions-runner
[2024-01-26 00:53:32Z INFO HostContext] Well known directory 'Bin': '/Users/mehrdadfaghih-ordobadi/Documents/Projects/Sprint2/Github-Actions/first_gh_actions/actions-runner/bin'
[2024-01-26 00:53:32Z INFO HostContext] Well known directory 'Root': '/Users/mehrdadfaghih-ordobadi/Documents/Projects/Sprint2/Github-Actions/first_gh_actions/actions-runner'
[2024-01-26 00:53:32Z INFO HostContext] Well known config file 'Runner': '/Users/mehrdadfaghih-ordobadi/Documents/Projects/Sprint2/Github-Actions/first_gh_actions/actions-runner/.runner'
[2024-01-26 00:53:32Z INFO ConfigurationStore] ConfigFilePath: /Users/mehrdadfaghih-ordobadi/Documents/Projects/Sprint2/Github-Actions/first_gh_actions/actions-runner/.runner
[2024-01-26 00:53:32Z INFO HostContext] Well known directory 'Bin': '/Users/mehrdadfaghih-ordobadi/Documents/Projects/Sprint2/Github-Actions/first_gh_actions/actions-runner/bin'
[2024-01-26 00:53:32Z INFO HostContext] Well known directory 'Root': '/Users/mehrdadfaghih-ordobadi/Documents/Projects/Sprint2/Github-Actions/first_gh_actions/actions-runner'
[2024-01-26 00:53:32Z INFO HostContext] Well known config file 'Credentials': '/Users/mehrdadfaghih-ordobadi/Documents/Projects/Sprint2/Github-Actions/first_gh_actions/actions-runner/.credentials'
[2024-01-26 00:53:32Z INFO ConfigurationStore] CredFilePath: /Users/mehrdadfaghih-ordobadi/Documents/Projects/Sprint2/Github-Actions/first_gh_actions/actions-runner/.credentials
[2024-01-26 00:53:32Z INFO HostContext] Well known directory 'Bin': '/Users/mehrdadfaghih-ordobadi/Documents/Projects/Sprint2/Github-Actions/first_gh_actions/actions-runner/bin'
[2024-01-26 00:53:32Z INFO HostContext] Well known directory 'Root': '/Users/mehrdadfaghih-ordobadi/Documents/Projects/Sprint2/Github-Actions/first_gh_actions/actions-runner'
[2024-01-26 00:53:32Z INFO HostContext] Well known config file 'MigratedCredentials': '/Users/mehrdadfaghih-ordobadi/Documents/Projects/Sprint2/Github-Actions/first_gh_actions/actions-runner/.credentials_migrated'
[2024-01-26 00:53:32Z INFO ConfigurationStore] MigratedCredFilePath: /Users/mehrdadfaghih-ordobadi/Documents/Projects/Sprint2/Github-Actions/first_gh_actions/actions-runner/.credentials_migrated
[2024-01-26 00:53:32Z INFO HostContext] Well known directory 'Bin': '/Users/mehrdadfaghih-ordobadi/Documents/Projects/Sprint2/Github-Actions/first_gh_actions/actions-runner/bin'
[2024-01-26 00:53:32Z INFO HostContext] Well known directory 'Root': '/Users/mehrdadfaghih-ordobadi/Documents/Projects/Sprint2/Github-Actions/first_gh_actions/actions-runner'
[2024-01-26 00:53:32Z INFO HostContext] Well known config file 'Service': '/Users/mehrdadfaghih-ordobadi/Documents/Projects/Sprint2/Github-Actions/first_gh_actions/actions-runner/.service'
[2024-01-26 00:53:32Z INFO ConfigurationStore] ServiceConfigFilePath: /Users/mehrdadfaghih-ordobadi/Documents/Projects/Sprint2/Github-Actions/first_gh_actions/actions-runner/.service
[2024-01-26 00:53:32Z INFO CommandSettings] Flag 'help': 'False'
[2024-01-26 00:53:32Z INFO CommandSettings] Flag 'version': 'False'
[2024-01-26 00:53:32Z INFO CommandSettings] Flag 'commit': 'False'
[2024-01-26 00:53:32Z INFO CommandSettings] Flag 'check': 'False'
[2024-01-26 00:53:32Z INFO CommandSettings] Command 'configure': 'True'
[2024-01-26 00:53:32Z INFO Terminal] WRITE LINE: 
[2024-01-26 00:53:32Z INFO Terminal] WRITE LINE: --------------------------------------------------------------------------------
[2024-01-26 00:53:32Z INFO Terminal] WRITE LINE: |        ____ _ _   _   _       _          _        _   _                      |
[2024-01-26 00:53:32Z INFO Terminal] WRITE LINE: |       / ___(_) |_| | | |_   _| |__      / \   ___| |_(_) ___  _ __  ___      |
[2024-01-26 00:53:32Z INFO Terminal] WRITE LINE: |      | |  _| | __| |_| | | | | '_ \    / _ \ / __| __| |/ _ \| '_ \/ __|     |
[2024-01-26 00:53:32Z INFO Terminal] WRITE LINE: |      | |_| | | |_|  _  | |_| | |_) |  / ___ \ (__| |_| | (_) | | | \__ \     |
[2024-01-26 00:53:32Z INFO Terminal] WRITE LINE: |       \____|_|\__|_| |_|\__,_|_.__/  /_/   \_\___|\__|_|\___/|_| |_|___/     |
[2024-01-26 00:53:32Z INFO Terminal] WRITE LINE: |                                                                              |
[2024-01-26 00:53:32Z INFO Terminal] WRITE: |                       
[2024-01-26 00:53:32Z INFO Terminal] WRITE: Self-hosted runner registration
[2024-01-26 00:53:32Z INFO Terminal] WRITE LINE:                         |
[2024-01-26 00:53:32Z INFO Terminal] WRITE LINE: |                                                                              |
[2024-01-26 00:53:32Z INFO Terminal] WRITE LINE: --------------------------------------------------------------------------------
[2024-01-26 00:53:32Z INFO ConfigurationManager] ConfigureAsync
[2024-01-26 00:53:32Z INFO CommandSettings] Flag 'generateServiceConfig': 'False'
[2024-01-26 00:53:32Z INFO ConfigurationStore] IsConfigured()
[2024-01-26 00:53:32Z INFO ConfigurationStore] IsConfigured: False
[2024-01-26 00:53:32Z INFO ConfigurationManager] Is configured: False
[2024-01-26 00:53:32Z INFO CommandSettings] Arg 'url': 'https://github.com/mehrdad-ordobadi/first_gh_actions'
[2024-01-26 00:53:32Z INFO CommandSettings] Remove url from Arg dictionary.
[2024-01-26 00:53:32Z INFO CommandSettings] Arg 'token': '***'
[2024-01-26 00:53:32Z INFO CommandSettings] Remove token from Arg dictionary.
[2024-01-26 00:53:32Z INFO ConfigurationManager] Http response code: OK from 'POST https://api.github.com/actions/runner-registration' (F48A:313C:7E1262:10371C3:65B3028C)
[2024-01-26 00:53:32Z INFO ConfigurationManager] Using V2 flow: False
[2024-01-26 00:53:32Z INFO ConfigurationManager] cred retrieved via GitHub auth
[2024-01-26 00:53:32Z INFO RunnerServer] EstablishVssConnection
[2024-01-26 00:53:32Z INFO RunnerServer] Establish connection with 100 seconds timeout.
[2024-01-26 00:53:32Z INFO GitHubActionsService] Starting operation Location.GetConnectionData
[2024-01-26 00:53:32Z INFO RunnerServer] EstablishVssConnection
[2024-01-26 00:53:32Z INFO RunnerServer] Establish connection with 60 seconds timeout.
[2024-01-26 00:53:32Z INFO GitHubActionsService] Starting operation Location.GetConnectionData
[2024-01-26 00:53:32Z INFO RunnerServer] EstablishVssConnection
[2024-01-26 00:53:32Z INFO RunnerServer] Establish connection with 60 seconds timeout.
[2024-01-26 00:53:32Z INFO GitHubActionsService] Starting operation Location.GetConnectionData
[2024-01-26 00:53:33Z INFO GitHubActionsService] Finished operation Location.GetConnectionData
[2024-01-26 00:53:33Z INFO GitHubActionsService] Finished operation Location.GetConnectionData
[2024-01-26 00:53:33Z INFO GitHubActionsService] Finished operation Location.GetConnectionData
[2024-01-26 00:53:34Z INFO Terminal] WRITE LINE: 
[2024-01-26 00:53:34Z INFO ConfigurationManager] Test Connection complete.
[2024-01-26 00:53:34Z INFO HostContext] Well known directory 'Bin': '/Users/mehrdadfaghih-ordobadi/Documents/Projects/Sprint2/Github-Actions/first_gh_actions/actions-runner/bin'
[2024-01-26 00:53:34Z INFO HostContext] Well known directory 'Root': '/Users/mehrdadfaghih-ordobadi/Documents/Projects/Sprint2/Github-Actions/first_gh_actions/actions-runner'
[2024-01-26 00:53:34Z INFO HostContext] Well known config file 'RSACredentials': '/Users/mehrdadfaghih-ordobadi/Documents/Projects/Sprint2/Github-Actions/first_gh_actions/actions-runner/.credentials_rsaparams'
[2024-01-26 00:53:34Z INFO RSAFileKeyManager] Creating new RSA key using 2048-bit key length
[2024-01-26 00:53:34Z INFO RSAFileKeyManager] Successfully saved RSA key parameters to file /Users/mehrdadfaghih-ordobadi/Documents/Projects/Sprint2/Github-Actions/first_gh_actions/actions-runner/.credentials_rsaparams
[2024-01-26 00:53:34Z INFO RSAFileKeyManager] Which: 'chmod'
[2024-01-26 00:53:34Z INFO RSAFileKeyManager] Location: '/bin/chmod'
[2024-01-26 00:53:34Z INFO HostContext] Well known directory 'Bin': '/Users/mehrdadfaghih-ordobadi/Documents/Projects/Sprint2/Github-Actions/first_gh_actions/actions-runner/bin'
[2024-01-26 00:53:34Z INFO HostContext] Well known directory 'Root': '/Users/mehrdadfaghih-ordobadi/Documents/Projects/Sprint2/Github-Actions/first_gh_actions/actions-runner'
[2024-01-26 00:53:34Z INFO ProcessInvokerWrapper] Starting process:
[2024-01-26 00:53:34Z INFO ProcessInvokerWrapper]   File name: '/bin/chmod'
[2024-01-26 00:53:34Z INFO ProcessInvokerWrapper]   Arguments: '600 /Users/mehrdadfaghih-ordobadi/Documents/Projects/Sprint2/Github-Actions/first_gh_actions/actions-runner/.credentials_rsaparams'
[2024-01-26 00:53:34Z INFO ProcessInvokerWrapper]   Working directory: '/Users/mehrdadfaghih-ordobadi/Documents/Projects/Sprint2/Github-Actions/first_gh_actions/actions-runner'
[2024-01-26 00:53:34Z INFO ProcessInvokerWrapper]   Require exit code zero: 'False'
[2024-01-26 00:53:34Z INFO ProcessInvokerWrapper]   Encoding web name:  ; code page: ''
[2024-01-26 00:53:34Z INFO ProcessInvokerWrapper]   Force kill process on cancellation: 'False'
[2024-01-26 00:53:34Z INFO ProcessInvokerWrapper]   Redirected STDIN: 'False'
[2024-01-26 00:53:34Z INFO ProcessInvokerWrapper]   Persist current code page: 'False'
[2024-01-26 00:53:34Z INFO ProcessInvokerWrapper]   Keep redirected STDIN open: 'False'
[2024-01-26 00:53:34Z INFO ProcessInvokerWrapper]   High priority process: 'False'
[2024-01-26 00:53:34Z INFO ProcessInvokerWrapper] Process started with process id 16097, waiting for process exit.
[2024-01-26 00:53:34Z INFO ProcessInvokerWrapper] STDOUT/STDERR stream read finished.
[2024-01-26 00:53:34Z INFO ProcessInvokerWrapper] STDOUT/STDERR stream read finished.
[2024-01-26 00:53:34Z INFO ProcessInvokerWrapper] Finished process 16097 with exit code 0, and elapsed time 00:00:00.0426032.
[2024-01-26 00:53:34Z INFO RSAFileKeyManager] Successfully set permissions for RSA key parameters file /Users/mehrdadfaghih-ordobadi/Documents/Projects/Sprint2/Github-Actions/first_gh_actions/actions-runner/.credentials_rsaparams
[2024-01-26 00:53:34Z INFO CommandSettings] Arg 'runnergroup': ''
[2024-01-26 00:53:34Z INFO CommandSettings] Flag 'unattended': 'False'
[2024-01-26 00:53:34Z INFO PromptManager] ReadValue
[2024-01-26 00:53:34Z INFO Terminal] WRITE: Enter the name of the runner group to add this runner to: 
[2024-01-26 00:53:34Z INFO Terminal] WRITE: [press Enter for Default] 
[2024-01-26 00:53:34Z INFO Terminal] READ LINE
[2024-01-26 00:53:37Z INFO Terminal] Read value: ''
[2024-01-26 00:53:37Z INFO PromptManager] Falling back to the default: 'Default'
[2024-01-26 00:53:37Z INFO Terminal] WRITE LINE: 
[2024-01-26 00:53:37Z INFO ConfigurationManager] Found a self-hosted runner group with id 1 and name Default
[2024-01-26 00:53:37Z INFO CommandSettings] Flag 'disableupdate': 'False'
[2024-01-26 00:53:37Z INFO CommandSettings] Flag 'ephemeral': 'False'
[2024-01-26 00:53:37Z INFO CommandSettings] Arg 'name': ''
[2024-01-26 00:53:37Z INFO CommandSettings] Flag 'unattended': 'False'
[2024-01-26 00:53:37Z INFO PromptManager] ReadValue
[2024-01-26 00:53:37Z INFO Terminal] WRITE: Enter the name of runner: 
[2024-01-26 00:53:37Z INFO Terminal] WRITE: [press Enter for Mehrdads-MacBook-Pro-2] 
[2024-01-26 00:53:37Z INFO Terminal] READ LINE
[2024-01-26 00:53:37Z INFO Terminal] Read value: ''
[2024-01-26 00:53:37Z INFO PromptManager] Falling back to the default: 'Mehrdads-MacBook-Pro-2'
[2024-01-26 00:53:37Z INFO Terminal] WRITE LINE: 
[2024-01-26 00:53:37Z INFO CommandSettings] Arg 'labels': ''
[2024-01-26 00:53:37Z INFO CommandSettings] Flag 'unattended': 'False'
[2024-01-26 00:53:37Z INFO PromptManager] ReadValue
[2024-01-26 00:53:37Z INFO Terminal] WRITE: This runner will have the following labels: 'self-hosted', 'macOS', 'ARM64' 
Enter any additional labels (ex. label-1,label-2): 
[2024-01-26 00:53:37Z INFO Terminal] WRITE: [press Enter to skip] 
[2024-01-26 00:53:37Z INFO Terminal] READ LINE
[2024-01-26 00:53:37Z INFO Terminal] Read value: ''
[2024-01-26 00:53:37Z INFO Terminal] WRITE LINE: 
[2024-01-26 00:53:37Z INFO CommandSettings] Flag 'disableupdate': 'False'
[2024-01-26 00:53:37Z INFO CommandSettings] Flag 'no-default-labels': 'False'
[2024-01-26 00:53:38Z INFO CommandSettings] Flag 'disableupdate': 'False'
[2024-01-26 00:53:38Z INFO CommandSettings] Flag 'ephemeral': 'False'
[2024-01-26 00:53:38Z INFO ConfigurationStore] Saving OAuth credential @ /Users/mehrdadfaghih-ordobadi/Documents/Projects/Sprint2/Github-Actions/first_gh_actions/actions-runner/.credentials
[2024-01-26 00:53:38Z INFO ConfigurationStore] Credentials Saved.
[2024-01-26 00:53:38Z INFO ConfigurationStore] HasCredentials()
[2024-01-26 00:53:38Z INFO ConfigurationStore] stored True
[2024-01-26 00:53:38Z INFO CredentialManager] GetCredentialProvider
[2024-01-26 00:53:38Z INFO CredentialManager] Creating type OAuth
[2024-01-26 00:53:38Z INFO CredentialManager] Creating credential type: OAuth
[2024-01-26 00:53:38Z INFO RSAFileKeyManager] Loading RSA key parameters from file /Users/mehrdadfaghih-ordobadi/Documents/Projects/Sprint2/Github-Actions/first_gh_actions/actions-runner/.credentials_rsaparams
[2024-01-26 00:53:38Z INFO RunnerServer] EstablishVssConnection
[2024-01-26 00:53:38Z INFO RunnerServer] Establish connection with 100 seconds timeout.
[2024-01-26 00:53:38Z INFO GitHubActionsService] Starting operation Location.GetConnectionData
[2024-01-26 00:53:38Z INFO RunnerServer] EstablishVssConnection
[2024-01-26 00:53:38Z INFO RunnerServer] Establish connection with 60 seconds timeout.
[2024-01-26 00:53:38Z INFO GitHubActionsService] Starting operation Location.GetConnectionData
[2024-01-26 00:53:38Z INFO RunnerServer] EstablishVssConnection
[2024-01-26 00:53:38Z INFO RunnerServer] Establish connection with 60 seconds timeout.
[2024-01-26 00:53:38Z INFO GitHubActionsService] Starting operation Location.GetConnectionData
[2024-01-26 00:53:38Z INFO GitHubActionsService] Finished operation Location.GetConnectionData
[2024-01-26 00:53:38Z INFO GitHubActionsService] Finished operation Location.GetConnectionData
[2024-01-26 00:53:38Z INFO GitHubActionsService] Finished operation Location.GetConnectionData
[2024-01-26 00:53:39Z INFO RSAFileKeyManager] Loading RSA key parameters from file /Users/mehrdadfaghih-ordobadi/Documents/Projects/Sprint2/Github-Actions/first_gh_actions/actions-runner/.credentials_rsaparams
[2024-01-26 00:53:39Z INFO RSAFileKeyManager] Loading RSA key parameters from file /Users/mehrdadfaghih-ordobadi/Documents/Projects/Sprint2/Github-Actions/first_gh_actions/actions-runner/.credentials_rsaparams
[2024-01-26 00:53:40Z INFO GitHubActionsService] AAD Correlation ID for this token request: Unknown
[2024-01-26 00:53:40Z INFO CommandSettings] Arg 'work': ''
[2024-01-26 00:53:40Z INFO CommandSettings] Flag 'unattended': 'False'
[2024-01-26 00:53:40Z INFO PromptManager] ReadValue
[2024-01-26 00:53:40Z INFO Terminal] WRITE: Enter name of work folder: 
[2024-01-26 00:53:40Z INFO Terminal] WRITE: [press Enter for _work] 
[2024-01-26 00:53:40Z INFO Terminal] READ LINE
[2024-01-26 00:53:41Z INFO Terminal] Read value: ''
[2024-01-26 00:53:41Z INFO PromptManager] Falling back to the default: '_work'
[2024-01-26 00:53:41Z INFO ConfigurationStore] Saving runner settings.
[2024-01-26 00:53:41Z INFO ConfigurationStore] Settings Saved.
[2024-01-26 00:53:41Z INFO Terminal] WRITE LINE: 
[2024-01-26 00:53:41Z INFO Terminal] WRITE LINE: 
[2024-01-26 00:53:41Z INFO OsxServiceControlManager] Service name 'actions.runner.mehrdad-ordobadi-first_gh_actions.Mehrdads-MacBook-Pro-2' display name 'GitHub Actions Runner (mehrdad-ordobadi-first_gh_actions.Mehrdads-MacBook-Pro-2)' will be used for service configuration.
[2024-01-26 00:53:41Z INFO HostContext] Well known directory 'Bin': '/Users/mehrdadfaghih-ordobadi/Documents/Projects/Sprint2/Github-Actions/first_gh_actions/actions-runner/bin'
[2024-01-26 00:53:41Z INFO HostContext] Well known directory 'Root': '/Users/mehrdadfaghih-ordobadi/Documents/Projects/Sprint2/Github-Actions/first_gh_actions/actions-runner'
[2024-01-26 00:53:41Z INFO HostContext] Well known directory 'Bin': '/Users/mehrdadfaghih-ordobadi/Documents/Projects/Sprint2/Github-Actions/first_gh_actions/actions-runner/bin'
[2024-01-26 00:53:41Z INFO HostContext] Well known directory 'Bin': '/Users/mehrdadfaghih-ordobadi/Documents/Projects/Sprint2/Github-Actions/first_gh_actions/actions-runner/bin'
[2024-01-26 00:53:41Z INFO HostContext] Well known directory 'Root': '/Users/mehrdadfaghih-ordobadi/Documents/Projects/Sprint2/Github-Actions/first_gh_actions/actions-runner'
[2024-01-26 00:53:41Z INFO UnixUtil] Which: 'chmod'
[2024-01-26 00:53:41Z INFO UnixUtil] Location: '/bin/chmod'
[2024-01-26 00:53:41Z INFO UnixUtil] Running /bin/chmod 755 "/Users/mehrdadfaghih-ordobadi/Documents/Projects/Sprint2/Github-Actions/first_gh_actions/actions-runner/svc.sh"
[2024-01-26 00:53:41Z INFO ProcessInvokerWrapper] Starting process:
[2024-01-26 00:53:41Z INFO ProcessInvokerWrapper]   File name: '/bin/chmod'
[2024-01-26 00:53:41Z INFO ProcessInvokerWrapper]   Arguments: '755 "/Users/mehrdadfaghih-ordobadi/Documents/Projects/Sprint2/Github-Actions/first_gh_actions/actions-runner/svc.sh"'
[2024-01-26 00:53:41Z INFO ProcessInvokerWrapper]   Working directory: '/Users/mehrdadfaghih-ordobadi/Documents/Projects/Sprint2/Github-Actions/first_gh_actions/actions-runner'
[2024-01-26 00:53:41Z INFO ProcessInvokerWrapper]   Require exit code zero: 'True'
[2024-01-26 00:53:41Z INFO ProcessInvokerWrapper]   Encoding web name:  ; code page: ''
[2024-01-26 00:53:41Z INFO ProcessInvokerWrapper]   Force kill process on cancellation: 'False'
[2024-01-26 00:53:41Z INFO ProcessInvokerWrapper]   Redirected STDIN: 'False'
[2024-01-26 00:53:41Z INFO ProcessInvokerWrapper]   Persist current code page: 'False'
[2024-01-26 00:53:41Z INFO ProcessInvokerWrapper]   Keep redirected STDIN open: 'False'
[2024-01-26 00:53:41Z INFO ProcessInvokerWrapper]   High priority process: 'False'
[2024-01-26 00:53:41Z INFO ProcessInvokerWrapper] Process started with process id 16147, waiting for process exit.
[2024-01-26 00:53:41Z INFO ProcessInvokerWrapper] STDOUT/STDERR stream read finished.
[2024-01-26 00:53:41Z INFO ProcessInvokerWrapper] STDOUT/STDERR stream read finished.
[2024-01-26 00:53:41Z INFO ProcessInvokerWrapper] Finished process 16147 with exit code 0, and elapsed time 00:00:00.0613252.
[2024-01-26 00:53:41Z INFO Listener] Runner execution has finished with return code 0
